<?xml version="1.0" encoding="UTF-8"?>
<!-- Generated by org.testng.reporters.JUnitXMLReporter -->
<testsuite hostname="Gate6-70" name="Default test" tests="8" failures="0" timestamp="4 Jul 2018 13:19:47 GMT" time="102.661" errors="0">
  <testcase name="Login" time="25.141" classname="testSuit.testCasesTest"/>
  <testcase name="SearchTV" time="33.318" classname="testSuit.testCasesTest"/>
  <testcase name="NameAndDiscriptionComparison_OnSearchScreen" time="0.793" classname="testSuit.testCasesTest"/>
  <testcase name="PriceComparison_OnSearchScreen" time="0.093" classname="testSuit.testCasesTest"/>
  <testcase name="MoveToCheckout" time="27.29" classname="testSuit.testCasesTest"/>
  <testcase name="NameAndDiscriptionComparison_CheckOutScreen" time="0.187" classname="testSuit.testCasesTest"/>
  <testcase name="PriceComparison_CheckOutScreen" time="0.177" classname="testSuit.testCasesTest"/>
  <testcase name="compareTvDescription_to_CheckoutScreen" time="0.28" classname="testSuit.testCasesTest"/>
</testsuite> <!-- Default test -->
